<?xml version="1.0" encoding="UTF-8"?>
<!-- Generated by org.testng.reporters.JUnitReportReporter -->
<testsuite hostname="DESKTOP-TNJEGBB" failures="0" tests="2" name="automationFramework.Test01" time="26.456" errors="0" timestamp="2020-11-16T01:19:39 IST" skipped="0">
  <testcase classname="automationFramework.Test01" name="build_api" time="4.859"/>
  <system-out/>
  <testcase classname="automationFramework.Test01" name="searchq" time="21.597"/>
  <system-out/>
</testsuite> <!-- automationFramework.Test01 -->
