<?xml version="1.0" encoding="UTF-8"?>
<!-- Generated by org.testng.reporters.JUnitReportReporter -->
<testsuite hostname="DESKTOP-TNJEGBB" failures="0" tests="1" name="automationFramework.Test02" time="7.945" errors="0" timestamp="2020-11-16T00:54:17 IST" skipped="0">
  <testcase classname="automationFramework.Test02" name="build_api" time="7.945"/>
  <system-out/>
</testsuite> <!-- automationFramework.Test02 -->
